{"level":"warn","message":"ruta /productos, método POST no implementada"}
{"level":"warn","message":"ruta /productos/:categoria/computacion, método GET no implementada"}
{"level":"warn","message":"ruta /productos/:categoria/computacion, método GET no implementada"}
{"level":"error"}
{"level":"warn","message":"ruta /login, método POST no implementada"}
{"level":"warn","message":"ruta /, método GET no implementada"}
{"level":"error","message":"Error: Error: Cannot find module 'ejs'\nRequire stack:\n- D:\\DiscoRigido\\Documentos\\Documentos de Programacion\\VscoProjects\\CoderHouse\\CoderHouse-ProyectoFinal\\node_modules\\express\\lib\\view.js\n- D:\\DiscoRigido\\Documentos\\Documentos de Programacion\\VscoProjects\\CoderHouse\\CoderHouse-ProyectoFinal\\node_modules\\express\\lib\\application.js\n- D:\\DiscoRigido\\Documentos\\Documentos de Programacion\\VscoProjects\\CoderHouse\\CoderHouse-ProyectoFinal\\node_modules\\express\\lib\\express.js\n- D:\\DiscoRigido\\Documentos\\Documentos de Programacion\\VscoProjects\\CoderHouse\\CoderHouse-ProyectoFinal\\node_modules\\express\\index.js\n- D:\\DiscoRigido\\Documentos\\Documentos de Programacion\\VscoProjects\\CoderHouse\\CoderHouse-ProyectoFinal\\server.js"}
{"level":"warn","message":"ruta /login/productos, método GET no implementada"}
{"level":"warn","message":"ruta /, método GET no implementada"}
{"level":"warn","message":"ruta /favicon.ico, método GET no implementada"}
{"level":"warn","message":"ruta /?, método GET no implementada"}
{"level":"warn","message":"ruta /?, método GET no implementada"}
{"level":"warn","message":"ruta /?, método GET no implementada"}
{"level":"warn","message":"ruta /?, método GET no implementada"}
{"level":"warn","message":"ruta /?, método GET no implementada"}
{"level":"warn","message":"ruta /?, método GET no implementada"}
{"level":"warn","message":"ruta /, método GET no implementada"}
{"level":"warn","message":"ruta /login%7D, método GET no implementada"}
{"level":"warn","message":"ruta /loout, método GET no implementada"}
{"level":"warn","message":"ruta /products, método GET no implementada"}
{"level":"warn","message":"ruta /productos, método GET no implementada"}
{"level":"warn","message":"ruta /products/categoria/computacion, método GET no implementada"}
{"level":"warn","message":"ruta /productos, método GET no implementada"}
{"level":"warn","message":"ruta /favicon.ico, método GET no implementada"}
{"level":"warn","message":"ruta /productos, método GET no implementada"}
{"level":"warn","message":"ruta /l, método GET no implementada"}
{"level":"warn","message":"ruta /productos, método GET no implementada"}
{"level":"warn","message":"ruta /products, método GET no implementada"}
{"level":"warn","message":"ruta /products, método GET no implementada"}
{"level":"warn","message":"ruta /productos/computacion, método GET no implementada"}
{"level":"warn","message":"ruta /prueba/1, método POST no implementada"}
{"level":"warn","message":"ruta /prueba/1, método POST no implementada"}
{"level":"warn","message":"ruta /prueba/1, método POST no implementada"}
{"level":"warn","message":"ruta /prueba/1?title=RAM, método GET no implementada"}
{"level":"warn","message":"ruta /prueba/1?, método GET no implementada"}
{"level":"warn","message":"ruta /prueba/1?, método GET no implementada"}
{"level":"warn","message":"ruta /prueba/1?, método GET no implementada"}
{"level":"warn","message":"ruta /prueba/1?, método GET no implementada"}
{"level":"warn","message":"ruta /prueba/1/id?, método GET no implementada"}
{"level":"warn","message":"ruta /prueba/1?, método GET no implementada"}
{"level":"warn","message":"ruta /prueba/1?, método GET no implementada"}
{"level":"warn","message":"ruta /productos/prueba/1?, método GET no implementada"}
{"level":"warn","message":"ruta /productos/prueba/1?, método GET no implementada"}
{"level":"warn","message":"ruta /productos/prueba/1?, método GET no implementada"}
{"level":"warn","message":"ruta /productos/prueba/1, método POST no implementada"}
{"level":"warn","message":"ruta /productos/prueba/1, método POST no implementada"}
{"level":"warn","message":"ruta /productos/1, método POST no implementada"}
{"level":"warn","message":"ruta /productos/update/1?, método GET no implementada"}
{"level":"warn","message":"ruta /productos/update/1?, método GET no implementada"}
{"level":"warn","message":"ruta /cart/1, método POST no implementada"}
{"level":"warn","message":"ruta /favicon.ico, método GET no implementada"}
{"level":"warn","message":"ruta /carrito/1, método GET no implementada"}
{"level":"warn","message":"ruta /cart/delete/1, método POST no implementada"}
{"level":"warn","message":"ruta /favicon.ico, método GET no implementada"}
{"level":"warn","message":"ruta /orders/buy, método POST no implementada"}
{"level":"warn","message":"ruta /favicon.ico, método GET no implementada"}
{"level":"warn","message":"ruta /orders/buy/4, método POST no implementada"}
{"level":"warn","message":"ruta /orders/buy, método POST no implementada"}
{"level":"warn","message":"ruta /chat, método GET no implementada"}
{"level":"warn","message":"ruta /main.js, método GET no implementada"}
{"level":"warn","message":"ruta /main.js, método GET no implementada"}
{"level":"warn","message":"ruta /main.js, método GET no implementada"}
{"level":"warn","message":"ruta /chat/nachocolli1@gmail.com?, método GET no implementada"}
